# JRE version: OpenJDK Runtime Environment (11.0.6+10) (build 11.0.6+10-post-Ubuntu-1ubuntu119.10.1)
# Java VM: OpenJDK 64-Bit Server VM (11.0.6+10-post-Ubuntu-1ubuntu119.10.1, mixed mode, sharing, tiered, compressed oops, serial gc, linux-amd64)
Heap:
 def new generation   total 8640K, used 6120K [0x00000000e4600000, 0x00000000e4f50000, 0x00000000ed950000)
  eden space 7744K,  67% used [0x00000000e4600000, 0x00000000e4b1a1f8, 0x00000000e4d90000)
  from space 896K, 100% used [0x00000000e4d90000, 0x00000000e4e70000, 0x00000000e4e70000)
  to   space 896K,   0% used [0x00000000e4e70000, 0x00000000e4e70000, 0x00000000e4f50000)
 tenured generation   total 19136K, used 3803K [0x00000000ed950000, 0x00000000eec00000, 0x0000000100000000)
   the space 19136K,  19% used [0x00000000ed950000, 0x00000000edd06d60, 0x00000000edd06e00, 0x00000000eec00000)
 Metaspace       used 12280K, capacity 12831K, committed 13184K, reserved 1060864K
  class space    used 1350K, capacity 1611K, committed 1664K, reserved 1048576K
GC Heap History (4 events):
Event: 0.742 GC heap before
{Heap before GC invocations=0 (full 0):
 def new generation   total 8640K, used 7744K [0x00000000e4600000, 0x00000000e4f50000, 0x00000000ed950000)
  eden space 7744K, 100% used [0x00000000e4600000, 0x00000000e4d90000, 0x00000000e4d90000)
  from space 896K,   0% used [0x00000000e4d90000, 0x00000000e4d90000, 0x00000000e4e70000)
  to   space 896K,   0% used [0x00000000e4e70000, 0x00000000e4e70000, 0x00000000e4f50000)
 tenured generation   total 19136K, used 0K [0x00000000ed950000, 0x00000000eec00000, 0x0000000100000000)
   the space 19136K,   0% used [0x00000000ed950000, 0x00000000ed950000, 0x00000000ed950200, 0x00000000eec00000)
 Metaspace       used 6385K, capacity 6717K, committed 6784K, reserved 1056768K
  class space    used 701K, capacity 874K, committed 896K, reserved 1048576K
}
Event: 0.755 GC heap after
{Heap after GC invocations=1 (full 0):
 def new generation   total 8640K, used 895K [0x00000000e4600000, 0x00000000e4f50000, 0x00000000ed950000)
  eden space 7744K,   0% used [0x00000000e4600000, 0x00000000e4600000, 0x00000000e4d90000)
  from space 896K,  99% used [0x00000000e4e70000, 0x00000000e4f4fff8, 0x00000000e4f50000)
  to   space 896K,   0% used [0x00000000e4d90000, 0x00000000e4d90000, 0x00000000e4e70000)
 tenured generation   total 19136K, used 1543K [0x00000000ed950000, 0x00000000eec00000, 0x0000000100000000)
   the space 19136K,   8% used [0x00000000ed950000, 0x00000000edad1c98, 0x00000000edad1e00, 0x00000000eec00000)
 Metaspace       used 6385K, capacity 6717K, committed 6784K, reserved 1056768K
  class space    used 701K, capacity 874K, committed 896K, reserved 1048576K
}
Event: 2.565 GC heap before
{Heap before GC invocations=1 (full 0):
 def new generation   total 8640K, used 8639K [0x00000000e4600000, 0x00000000e4f50000, 0x00000000ed950000)
  eden space 7744K, 100% used [0x00000000e4600000, 0x00000000e4d90000, 0x00000000e4d90000)
  from space 896K,  99% used [0x00000000e4e70000, 0x00000000e4f4fff8, 0x00000000e4f50000)
  to   space 896K,   0% used [0x00000000e4d90000, 0x00000000e4d90000, 0x00000000e4e70000)
 tenured generation   total 19136K, used 1543K [0x00000000ed950000, 0x00000000eec00000, 0x0000000100000000)
   the space 19136K,   8% used [0x00000000ed950000, 0x00000000edad1c98, 0x00000000edad1e00, 0x00000000eec00000)
 Metaspace       used 11285K, capacity 11824K, committed 12160K, reserved 1060864K
  class space    used 1310K, capacity 1573K, committed 1664K, reserved 1048576K
}
Event: 2.572 GC heap after
{Heap after GC invocations=2 (full 0):
 def new generation   total 8640K, used 896K [0x00000000e4600000, 0x00000000e4f50000, 0x00000000ed950000)
  eden space 7744K,   0% used [0x00000000e4600000, 0x00000000e4600000, 0x00000000e4d90000)
  from space 896K, 100% used [0x00000000e4d90000, 0x00000000e4e70000, 0x00000000e4e70000)
  to   space 896K,   0% used [0x00000000e4e70000, 0x00000000e4e70000, 0x00000000e4f50000)
 tenured generation   total 19136K, used 3803K [0x00000000ed950000, 0x00000000eec00000, 0x0000000100000000)
   the space 19136K,  19% used [0x00000000ed950000, 0x00000000edd06d60, 0x00000000edd06e00, 0x00000000eec00000)
 Metaspace       used 11285K, capacity 11824K, committed 12160K, reserved 1060864K
  class space    used 1310K, capacity 1573K, committed 1664K, reserved 1048576K
}

