<?xml version="1.0" encoding="UTF-8"?>
<coverage generated="1588074271508" clover="4.3.1">
   <project name="risc" timestamp="1588074271470">
      <metrics coveredelements="1675" complexity="901" loc="8498" methods="571" classes="87" statements="3354" packages="5" coveredconditionals="136" coveredmethods="203" elements="4449" ncloc="6298" files="85" conditionals="524" coveredstatements="1336"/>
      <package name="edu.duke.ece651.client">
         <metrics coveredelements="0" complexity="400" loc="3525" methods="206" classes="28" statements="1385" coveredconditionals="0" coveredmethods="0" elements="1893" ncloc="2597" files="28" conditionals="302" coveredstatements="0"/>
         <file path="/home/zisheng/ece651-spr20-g3-risc/risc/client/src/main/java/edu/duke/ece651/client/BackToGamePrompt.java" name="BackToGamePrompt.java">
            <metrics coveredelements="0" coveredconditionals="0" complexity="20" loc="166" coveredmethods="0" methods="9" elements="100" classes="1" ncloc="122" statements="73" conditionals="18" coveredstatements="0"/>
            <class name="BackToGamePrompt">
               <metrics coveredelements="0" coveredconditionals="0" complexity="20" coveredmethods="0" methods="9" elements="100" statements="73" conditionals="18" coveredstatements="0"/>
            </class>
            <line complexity="1" visibility="public" signature="BackToGamePrompt(JFrame,ActionListener,String,Client,ClientHost)" num="22" count="0" type="method"/>
            <line num="24" count="0" type="stmt"/>
            <line num="25" count="0" type="stmt"/>
            <line num="26" count="0" type="stmt"/>
            <line complexity="7" visibility="public" signature="actionPerformed(ActionEvent) : void" num="30" count="0" type="method"/>
            <line num="32" count="0" type="stmt"/>
            <line num="33" count="0" type="stmt"/>
            <line num="34" count="0" type="stmt"/>
            <line num="35" count="0" type="stmt"/>
            <line num="37" count="0" type="stmt"/>
            <line falsecount="0" truecount="0" num="37" type="cond"/>
            <line num="38" count="0" type="stmt"/>
            <line num="42" count="0" type="stmt"/>
            <line falsecount="0" truecount="0" num="42" type="cond"/>
            <line num="43" count="0" type="stmt"/>
            <line num="45" count="0" type="stmt"/>
            <line num="46" count="0" type="stmt"/>
            <line num="47" count="0" type="stmt"/>
            <line num="50" count="0" type="stmt"/>
            <line falsecount="0" truecount="0" num="50" type="cond"/>
            <line num="51" count="0" type="stmt"/>
            <line num="56" count="0" type="stmt"/>
            <line falsecount="0" truecount="0" num="56" type="cond"/>
            <line num="57" count="0" type="stmt"/>
            <line num="59" count="0" type="stmt"/>
            <line num="60" count="0" type="stmt"/>
            <line num="61" count="0" type="stmt"/>
            <line num="64" count="0" type="stmt"/>
            <line falsecount="0" truecount="0" num="64" type="cond"/>
            <line num="65" count="0" type="stmt"/>
            <line num="67" count="0" type="stmt"/>
            <line num="68" count="0" type="stmt"/>
            <line num="69" count="0" type="stmt"/>
            <line num="74" count="0" type="stmt"/>
            <line complexity="1" visibility="public" signature="displayWantToComebackPanel() : void" num="83" count="0" type="method"/>
            <line num="84" count="0" type="stmt"/>
            <line num="85" count="0" type="stmt"/>
            <line num="86" count="0" type="stmt"/>
            <line num="87" count="0" type="stmt"/>
            <line num="88" count="0" type="stmt"/>
            <line num="89" count="0" type="stmt"/>
            <line num="90" count="0" type="stmt"/>
            <line num="93" count="0" type="stmt"/>
            <line num="94" count="0" type="stmt"/>
            <line num="95" count="0" type="stmt"/>
            <line num="96" count="0" type="stmt"/>
            <line complexity="3" visibility="private" signature="wantToComebackListener(String[]) : void" num="99" count="0" type="method"/>
            <line num="100" count="0" type="stmt"/>
            <line num="101" count="0" type="stmt"/>
            <line falsecount="0" truecount="0" num="101" type="cond"/>
            <line num="102" count="0" type="stmt"/>
            <line num="105" count="0" type="stmt"/>
            <line falsecount="0" truecount="0" num="105" type="cond"/>
            <line num="108" count="0" type="stmt"/>
            <line complexity="1" visibility="private" signature="gameToBackListener(String[]) : Client" num="112" count="0" type="method"/>
            <line num="113" count="0" type="stmt"/>
            <line num="114" count="0" type="stmt"/>
            <line complexity="2" visibility="private" signature="promptChoosePreviousGame() : void" num="119" count="0" type="method"/>
            <line num="120" count="0" type="stmt"/>
            <line num="121" count="0" type="stmt"/>
            <line num="122" count="0" type="stmt"/>
            <line num="123" count="0" type="stmt"/>
            <line num="124" count="0" type="stmt"/>
            <line falsecount="0" truecount="0" num="124" type="cond"/>
            <line num="125" count="0" type="stmt"/>
            <line num="127" count="0" type="stmt"/>
            <line num="129" count="0" type="stmt"/>
            <line num="130" count="0" type="stmt"/>
            <line num="132" count="0" type="stmt"/>
            <line num="133" count="0" type="stmt"/>
            <line num="134" count="0" type="stmt"/>
            <line complexity="1" visibility="private" signature="authenticate(Client) : void" num="138" count="0" type="method"/>
            <line num="139" count="0" type="stmt"/>
            <line num="140" count="0" type="stmt"/>
            <line num="141" count="0" type="stmt"/>
            <line num="142" count="0" type="stmt"/>
            <line num="143" count="0" type="stmt"/>
            <line num="145" count="0" type="stmt"/>
            <line num="146" count="0" type="stmt"/>
            <line num="147" count="0" type="stmt"/>
            <line num="148" count="0" type="stmt"/>
            <line complexity="3" visibility="private" signature="authenticateListener(Client,ArrayList&lt;String&gt;) : void" num="152" count="0" type="method"/>
            <line num="153" count="0" type="stmt"/>
            <line num="154" count="0" type="stmt"/>
            <line num="155" count="0" type="stmt"/>
            <line num="156" count="0" type="stmt"/>
            <line num="157" count="0" type="stmt"/>
            <line falsecount="0" truecount="0" num="157" type="cond"/>
            <line num="158" count="0" type="stmt"/>
            <line complexity="1" visibility="public" signature="getClient() : Client" num="162" count="0" type="method"/>
            <line num="163" count="0" type="stmt"/>
         </file>
         <file path="/home/zisheng/ece651-spr20-g3-risc/risc/client/src/main/java/edu/duke/ece651/client/AssignUnitsPrompt.java" name="AssignUnitsPrompt.java">
            <metrics coveredelements="0" coveredconditionals="0" complexity="12" loc="143" coveredmethods="0" methods="6" elements="88" classes="1" ncloc="114" statements="72" conditionals="10" coveredstatements="0"/>
            <class name="AssignUnitsPrompt">
               <metrics coveredelements="0" coveredconditionals="0" complexity="12" coveredmethods="0" methods="6" elements="88" statements="72" conditionals="10" coveredstatements="0"/>
            </class>
            <line complexity="1" visibility="public" signature="AssignUnitsPrompt(JFrame,Player,ActionListener,String)" num="18" count="0" type="method"/>
            <line num="20" count="0" type="stmt"/>
            <line num="21" count="0" type="stmt"/>
            <line num="22" count="0" type="stmt"/>
            <line complexity="1" visibility="private" signature="refreshPanel() : void" num="27" count="0" type="method"/>
            <line num="28" count="0" type="stmt"/>
            <line num="29" count="0" type="stmt"/>
            <line num="30" count="0" type="stmt"/>
            <line complexity="6" visibility="public" signature="actionPerformed(ActionEvent) : void" num="33" count="0" type="method"/>
            <line num="36" count="0" type="stmt"/>
            <line num="37" count="0" type="stmt"/>
            <line num="38" count="0" type="stmt"/>
            <line falsecount="0" truecount="0" num="38" type="cond"/>
            <line num="39" count="0" type="stmt"/>
            <line num="40" count="0" type="stmt"/>
            <line num="42" count="0" type="stmt"/>
            <line num="43" count="0" type="stmt"/>
            <line num="46" count="0" type="stmt"/>
            <line falsecount="0" truecount="0" num="46" type="cond"/>
            <line num="47" count="0" type="stmt"/>
            <line num="48" count="0" type="stmt"/>
            <line num="49" count="0" type="stmt"/>
            <line num="50" count="0" type="stmt"/>
            <line num="51" count="0" type="stmt"/>
            <line num="52" count="0" type="stmt"/>
            <line num="54" count="0" type="stmt"/>
            <line num="55" count="0" type="stmt"/>
            <line num="56" count="0" type="stmt"/>
            <line num="57" count="0" type="stmt"/>
            <line num="58" count="0" type="stmt"/>
            <line falsecount="0" truecount="0" num="58" type="cond"/>
            <line num="59" count="0" type="stmt"/>
            <line num="61" count="0" type="stmt"/>
            <line num="62" count="0" type="stmt"/>
            <line num="64" count="0" type="stmt"/>
            <line falsecount="0" truecount="0" num="64" type="cond"/>
            <line num="65" count="0" type="stmt"/>
            <line num="67" count="0" type="stmt"/>
            <line num="69" count="0" type="stmt"/>
            <line num="72" count="0" type="stmt"/>
            <line complexity="1" visibility="public" signature="start() : void" num="77" count="0" type="method"/>
            <line num="78" count="0" type="stmt"/>
            <line complexity="2" visibility="public" signature="promptGroup() : void" num="82" count="0" type="method"/>
            <line num="83" count="0" type="stmt"/>
            <line num="84" count="0" type="stmt"/>
            <line num="85" count="0" type="stmt"/>
            <line num="86" count="0" type="stmt"/>
            <line num="87" count="0" type="stmt"/>
            <line num="88" count="0" type="stmt"/>
            <line num="89" count="0" type="stmt"/>
            <line num="90" count="0" type="stmt"/>
            <line num="91" count="0" type="stmt"/>
            <line num="92" count="0" type="stmt"/>
            <line num="93" count="0" type="stmt"/>
            <line num="94" count="0" type="stmt"/>
            <line num="95" count="0" type="stmt"/>
            <line falsecount="0" truecount="0" num="95" type="cond"/>
            <line num="96" count="0" type="stmt"/>
            <line num="98" count="0" type="stmt"/>
            <line num="99" count="0" type="stmt"/>
            <line num="101" count="0" type="stmt"/>
            <line num="103" count="0" type="stmt"/>
            <line num="104" count="0" type="stmt"/>
            <line num="107" count="0" type="stmt"/>
            <line num="108" count="0" type="stmt"/>
            <line num="109" count="0" type="stmt"/>
            <line num="110" count="0" type="stmt"/>
            <line complexity="1" visibility="public" signature="promptAssignUnits(int) : void" num="113" count="0" type="method"/>
            <line num="114" count="0" type="stmt"/>
            <line num="116" count="0" type="stmt"/>
            <line num="117" count="0" type="stmt"/>
            <line num="119" count="0" type="stmt"/>
            <line num="121" count="0" type="stmt"/>
            <line num="122" count="0" type="stmt"/>
            <line num="123" count="0" type="stmt"/>
            <line num="125" count="0" type="stmt"/>
            <line num="126" count="0" type="stmt"/>
            <line num="128" count="0" type="stmt"/>
            <line num="132" count="0" type="stmt"/>
            <line num="134" count="0" type="stmt"/>
            <line num="135" count="0" type="stmt"/>
            <line num="136" count="0" type="stmt"/>
            <line num="137" count="0" type="stmt"/>
         </file>
         <file path="/home/zisheng/ece651-spr20-g3-risc/risc/client/src/main/java/edu/duke/ece651/client/PlayerController.java" name="PlayerController.java">
            <metrics coveredelements="0" coveredconditionals="0" complexity="10" loc="83" coveredmethods="0" methods="9" elements="32" classes="1" ncloc="56" statements="21" conditionals="2" coveredstatements="0"/>
            <class name="PlayerController">
               <metrics coveredelements="0" coveredconditionals="0" complexity="10" coveredmethods="0" methods="9" elements="32" statements="21" conditionals="2" coveredstatements="0"/>
            </class>
            <line complexity="1" visibility="public" signature="PlayerController(JFrame,Client)" num="23" count="0" type="method"/>
            <line num="24" count="0" type="stmt"/>
            <line num="25" count="0" type="stmt"/>
            <line num="26" count="0" type="stmt"/>
            <line num="27" count="0" type="stmt"/>
            <line complexity="1" visibility="public" signature="PlayerController(JFrame,Client,ActionListener,boolean)" num="30" count="0" type="method"/>
            <line num="32" count="0" type="stmt"/>
            <line num="33" count="0" type="stmt"/>
            <line num="34" count="0" type="stmt"/>
            <line complexity="2" visibility="public" signature="actionPerformed(ActionEvent) : void" num="37" count="0" type="method"/>
            <line num="39" count="0" type="stmt"/>
            <line num="40" count="0" type="stmt"/>
            <line num="42" count="0" type="stmt"/>
            <line falsecount="0" truecount="0" num="42" type="cond"/>
            <line num="43" count="0" type="stmt"/>
            <line num="44" count="0" type="stmt"/>
            <line num="45" count="0" type="stmt"/>
            <line complexity="1" visibility="private" signature="parseEvent(ActionEvent) : String[]" num="51" count="0" type="method"/>
            <line num="52" count="0" type="stmt"/>
            <line complexity="1" visibility="public" signature="start() : void" num="59" count="0" type="method"/>
            <line num="60" count="0" type="stmt"/>
            <line num="62" count="0" type="stmt"/>
            <line num="64" count="0" type="stmt"/>
            <line complexity="1" visibility="public" signature="getClient() : Client" num="67" count="0" type="method"/>
            <line num="68" count="0" type="stmt"/>
            <line complexity="1" visibility="public" signature="setClient(Client) : void" num="71" count="0" type="method"/>
            <line num="72" count="0" type="stmt"/>
            <line complexity="1" visibility="public" signature="getPlayer() : Player" num="75" count="0" type="method"/>
            <line num="76" count="0" type="stmt"/>
            <line complexity="1" visibility="public" signature="setPlayer(Player) : void" num="79" count="0" type="method"/>
            <line num="80" count="0" type="stmt"/>
         </file>
         <file path="/home/zisheng/ece651-spr20-g3-risc/risc/client/src/main/java/edu/duke/ece651/client/TextFieldPanel.java" name="TextFieldPanel.java">
            <metrics coveredelements="0" coveredconditionals="0" complexity="7" loc="94" coveredmethods="0" methods="7" elements="42" classes="1" ncloc="67" statements="35" conditionals="0" coveredstatements="0"/>
            <class name="TextFieldPanel">
               <metrics coveredelements="0" coveredconditionals="0" complexity="7" coveredmethods="0" methods="7" elements="42" statements="35" conditionals="0" coveredstatements="0"/>
            </class>
            <line complexity="1" visibility="public" signature="TextFieldPanel(int,int,String,String,ArrayList&lt;String&gt;,ActionListener)" num="23" count="0" type="method"/>
            <line num="27" count="0" type="stmt"/>
            <line num="29" count="0" type="stmt"/>
            <line num="31" count="0" type="stmt"/>
            <line num="32" count="0" type="stmt"/>
            <line num="34" count="0" type="stmt"/>
            <line complexity="1" visibility="public" signature="generatePanel() : void" num="37" count="0" type="method"/>
            <line num="38" count="0" type="stmt"/>
            <line num="39" count="0" type="stmt"/>
            <line num="40" count="0" type="stmt"/>
            <line complexity="1" visibility="public" signature="generatePanel(int,int) : void" num="44" count="0" type="method"/>
            <line num="45" count="0" type="stmt"/>
            <line num="46" count="0" type="stmt"/>
            <line num="47" count="0" type="stmt"/>
            <line num="49" count="0" type="stmt"/>
            <line num="50" count="0" type="stmt"/>
            <line num="51" count="0" type="stmt"/>
            <line num="53" count="0" type="stmt"/>
            <line num="54" count="0" type="stmt"/>
            <line num="55" count="0" type="stmt"/>
            <line num="56" count="0" type="stmt"/>
            <line num="57" count="0" type="stmt"/>
            <line num="58" count="0" type="stmt"/>
            <line num="60" count="0" type="stmt"/>
            <line num="61" count="0" type="stmt"/>
            <line num="62" count="0" type="stmt"/>
            <line num="63" count="0" type="stmt"/>
            <line num="64" count="0" type="stmt"/>
            <line num="65" count="0" type="stmt"/>
            <line num="69" count="0" type="stmt"/>
            <line num="70" count="0" type="stmt"/>
            <line num="71" count="0" type="stmt"/>
            <line num="72" count="0" type="stmt"/>
            <line num="73" count="0" type="stmt"/>
            <line complexity="1" visibility="public" signature="getFieldsMap() : HashMap&lt;String, JTextField&gt;" num="76" count="0" type="method"/>
            <line num="77" count="0" type="stmt"/>
            <line complexity="1" visibility="public" signature="getTextFields() : ArrayList&lt;String&gt;" num="79" count="0" type="method"/>
            <line num="80" count="0" type="stmt"/>
            <line complexity="1" visibility="public" signature="getInput(int) : String" num="83" count="0" type="method"/>
            <line num="84" count="0" type="stmt"/>
            <line complexity="1" visibility="public" signature="getInput(String) : String" num="87" count="0" type="method"/>
            <line num="88" count="0" type="stmt"/>
         </file>
         <file path="/home/zisheng/ece651-spr20-g3-risc/risc/client/src/main/java/edu/duke/ece651/client/UpgradeOrderPrompt.java" name="UpgradeOrderPrompt.java">
            <metrics coveredelements="0" coveredconditionals="0" complexity="20" loc="129" coveredmethods="0" methods="5" elements="82" classes="1" ncloc="102" statements="57" conditionals="20" coveredstatements="0"/>
            <class name="UpgradeOrderPrompt">
               <metrics coveredelements="0" coveredconditionals="0" complexity="20" coveredmethods="0" methods="5" elements="82" statements="57" conditionals="20" coveredstatements="0"/>
            </class>
            <line complexity="1" visibility="public" signature="UpgradeOrderPrompt(JFrame,ActionListener,String,Player)" num="19" count="0" type="method"/>
            <line num="21" count="0" type="stmt"/>
            <line num="22" count="0" type="stmt"/>
            <line complexity="12" visibility="public" signature="actionPerformed(ActionEvent) : void" num="25" count="0" type="method"/>
            <line num="27" count="0" type="stmt"/>
            <line num="28" count="0" type="stmt"/>
            <line num="29" count="0" type="stmt"/>
            <line num="31" count="0" type="stmt"/>
            <line falsecount="0" truecount="0" num="31" type="cond"/>
            <line num="32" count="0" type="stmt"/>
            <line num="36" count="0" type="stmt"/>
            <line falsecount="0" truecount="0" num="36" type="cond"/>
            <line num="37" count="0" type="stmt"/>
            <line num="40" count="0" type="stmt"/>
            <line num="43" count="0" type="stmt"/>
            <line falsecount="0" truecount="0" num="43" type="cond"/>
            <line num="44" count="0" type="stmt"/>
            <line num="45" count="0" type="stmt"/>
            <line num="49" count="0" type="stmt"/>
            <line falsecount="0" truecount="0" num="49" type="cond"/>
            <line num="50" count="0" type="stmt"/>
            <line num="53" count="0" type="stmt"/>
            <line num="57" count="0" type="stmt"/>
            <line falsecount="0" truecount="0" num="57" type="cond"/>
            <line num="58" count="0" type="stmt"/>
            <line num="60" count="0" type="stmt"/>
            <line num="63" count="0" type="stmt"/>
            <line falsecount="0" truecount="0" num="63" type="cond"/>
            <line num="64" count="0" type="stmt"/>
            <line num="68" count="0" type="stmt"/>
            <line complexity="2" visibility="public" signature="start() : void" num="73" count="0" type="method"/>
            <line num="75" count="0" type="stmt"/>
            <line num="78" count="0" type="stmt"/>
            <line num="80" count="0" type="stmt"/>
            <line num="81" count="0" type="stmt"/>
            <line num="82" count="0" type="stmt"/>
            <line num="83" count="0" type="stmt"/>
            <line falsecount="0" truecount="0" num="83" type="cond"/>
            <line num="84" count="0" type="stmt"/>
            <line num="86" count="0" type="stmt"/>
            <line num="87" count="0" type="stmt"/>
            <line num="89" count="0" type="stmt"/>
            <line num="91" count="0" type="stmt"/>
            <line num="93" count="0" type="stmt"/>
            <line num="94" count="0" type="stmt"/>
            <line num="95" count="0" type="stmt"/>
            <line num="96" count="0" type="stmt"/>
            <line num="97" count="0" type="stmt"/>
            <line complexity="1" visibility="public" signature="displayOrderPanel() : void" num="101" count="0" type="method"/>
            <line num="102" count="0" type="stmt"/>
            <line complexity="4" visibility="public" signature="techUpgrade() : void" num="105" count="0" type="method"/>
            <line num="106" count="0" type="stmt"/>
            <line falsecount="0" truecount="0" num="106" type="cond"/>
            <line num="107" count="0" type="stmt"/>
            <line num="109" count="0" type="stmt"/>
            <line num="110" count="0" type="stmt"/>
            <line num="111" count="0" type="stmt"/>
            <line num="112" count="0" type="stmt"/>
            <line num="113" count="0" type="stmt"/>
            <line num="114" count="0" type="stmt"/>
            <line num="115" count="0" type="stmt"/>
            <line num="116" count="0" type="stmt"/>
            <line falsecount="0" truecount="0" num="116" type="cond"/>
            <line num="117" count="0" type="stmt"/>
            <line num="119" count="0" type="stmt"/>
            <line num="120" count="0" type="stmt"/>
            <line falsecount="0" truecount="0" num="120" type="cond"/>
            <line num="121" count="0" type="stmt"/>
            <line num="124" count="0" type="stmt"/>
            <line num="125" count="0" type="stmt"/>
            <line num="126" count="0" type="stmt"/>
            <line num="127" count="0" type="stmt"/>
         </file>
         <file path="/home/zisheng/ece651-spr20-g3-risc/risc/client/src/main/java/edu/duke/ece651/client/Controller.java" name="Controller.java">
            <metrics coveredelements="0" coveredconditionals="0" complexity="0" loc="5" coveredmethods="0" methods="0" elements="0" classes="1" ncloc="3" statements="0" conditionals="0" coveredstatements="0"/>
            <class name="Controller">
               <metrics coveredelements="0" coveredconditionals="0" complexity="0" coveredmethods="0" methods="0" elements="0" statements="0" conditionals="0" coveredstatements="0"/>
            </class>
         </file>
         <file path="/home/zisheng/ece651-spr20-g3-risc/risc/client/src/main/java/edu/duke/ece651/client/SpyUpgradeOrderPrompt.java" name="SpyUpgradeOrderPrompt.java">
            <metrics coveredelements="0" coveredconditionals="0" complexity="6" loc="56" coveredmethods="0" methods="3" elements="31" classes="1" ncloc="42" statements="22" conditionals="6" coveredstatements="0"/>
            <class name="SpyUpgradeOrderPrompt">
               <metrics coveredelements="0" coveredconditionals="0" complexity="6" coveredmethods="0" methods="3" elements="31" statements="22" conditionals="6" coveredstatements="0"/>
            </class>
            <line complexity="1" visibility="public" signature="SpyUpgradeOrderPrompt(JFrame,ActionListener,String,Player)" num="12" count="0" type="method"/>
            <line num="14" count="0" type="stmt"/>
            <line num="15" count="0" type="stmt"/>
            <line num="16" count="0" type="stmt"/>
            <line complexity="4" visibility="public" signature="actionPerformed(ActionEvent) : void" num="19" count="0" type="method"/>
            <line num="21" count="0" type="stmt"/>
            <line num="22" count="0" type="stmt"/>
            <line num="24" count="0" type="stmt"/>
            <line falsecount="0" truecount="0" num="24" type="cond"/>
            <line num="26" count="0" type="stmt"/>
            <line num="27" count="0" type="stmt"/>
            <line num="28" count="0" type="stmt"/>
            <line num="29" count="0" type="stmt"/>
            <line num="30" count="0" type="stmt"/>
            <line num="31" count="0" type="stmt"/>
            <line falsecount="0" truecount="0" num="31" type="cond"/>
            <line num="32" count="0" type="stmt"/>
            <line num="33" count="0" type="stmt"/>
            <line num="36" count="0" type="stmt"/>
            <line falsecount="0" truecount="0" num="36" type="cond"/>
            <line num="37" count="0" type="stmt"/>
            <line num="38" count="0" type="stmt"/>
            <line num="41" count="0" type="stmt"/>
            <line num="42" count="0" type="stmt"/>
            <line num="43" count="0" type="stmt"/>
            <line complexity="1" visibility="public" signature="start() : void" num="49" count="0" type="method"/>
            <line num="50" count="0" type="stmt"/>
            <line num="53" count="0" type="stmt"/>
         </file>
         <file path="/home/zisheng/ece651-spr20-g3-risc/risc/client/src/main/java/edu/duke/ece651/client/MoveOrderPrompt.java" name="MoveOrderPrompt.java">
            <metrics coveredelements="0" coveredconditionals="0" complexity="9" loc="82" coveredmethods="0" methods="4" elements="43" classes="1" ncloc="62" statements="31" conditionals="8" coveredstatements="0"/>
            <class name="MoveOrderPrompt">
               <metrics coveredelements="0" coveredconditionals="0" complexity="9" coveredmethods="0" methods="4" elements="43" statements="31" conditionals="8" coveredstatements="0"/>
            </class>
            <line complexity="1" visibility="public" signature="MoveOrderPrompt(JFrame,ActionListener,String,Player)" num="17" count="0" type="method"/>
            <line num="19" count="0" type="stmt"/>
            <line complexity="5" visibility="public" signature="actionPerformed(ActionEvent) : void" num="22" count="0" type="method"/>
            <line num="24" count="0" type="stmt"/>
            <line num="25" count="0" type="stmt"/>
            <line num="26" count="0" type="stmt"/>
            <line num="28" count="0" type="stmt"/>
            <line falsecount="0" truecount="0" num="28" type="cond"/>
            <line num="29" count="0" type="stmt"/>
            <line num="30" count="0" type="stmt"/>
            <line num="31" count="0" type="stmt"/>
            <line num="35" count="0" type="stmt"/>
            <line falsecount="0" truecount="0" num="35" type="cond"/>
            <line num="36" count="0" type="stmt"/>
            <line num="37" count="0" type="stmt"/>
            <line num="38" count="0" type="stmt"/>
            <line num="39" count="0" type="stmt"/>
            <line num="43" count="0" type="stmt"/>
            <line num="46" count="0" type="stmt"/>
            <line falsecount="0" truecount="0" num="46" type="cond"/>
            <line num="47" count="0" type="stmt"/>
            <line num="48" count="0" type="stmt"/>
            <line num="49" count="0" type="stmt"/>
            <line num="53" count="0" type="stmt"/>
            <line num="54" count="0" type="stmt"/>
            <line complexity="1" visibility="public" signature="start() : void" num="59" count="0" type="method"/>
            <line num="60" count="0" type="stmt"/>
            <line num="61" count="0" type="stmt"/>
            <line num="62" count="0" type="stmt"/>
            <line num="63" count="0" type="stmt"/>
            <line num="64" count="0" type="stmt"/>
            <line complexity="2" visibility="private" signature="selectDestTerr(String[]) : void" num="69" count="0" type="method"/>
            <line num="70" count="0" type="stmt"/>
            <line num="71" count="0" type="stmt"/>
            <line num="73" count="0" type="stmt"/>
            <line num="74" count="0" type="stmt"/>
            <line falsecount="0" truecount="0" num="74" type="cond"/>
            <line num="75" count="0" type="stmt"/>
            <line num="79" count="0" type="stmt"/>
         </file>
         <file path="/home/zisheng/ece651-spr20-g3-risc/risc/client/src/main/java/edu/duke/ece651/client/CloakOrderPrompt.java" name="CloakOrderPrompt.java">
            <metrics coveredelements="0" coveredconditionals="0" complexity="7" loc="60" coveredmethods="0" methods="3" elements="32" classes="1" ncloc="45" statements="23" conditionals="6" coveredstatements="0"/>
            <class name="CloakOrderPrompt">
               <metrics coveredelements="0" coveredconditionals="0" complexity="7" coveredmethods="0" methods="3" elements="32" statements="23" conditionals="6" coveredstatements="0"/>
            </class>
            <line complexity="1" visibility="public" signature="CloakOrderPrompt(JFrame,ActionListener,String,Player)" num="13" count="0" type="method"/>
            <line num="15" count="0" type="stmt"/>
            <line num="16" count="0" type="stmt"/>
            <line complexity="5" visibility="public" signature="actionPerformed(ActionEvent) : void" num="19" count="0" type="method"/>
            <line num="21" count="0" type="stmt"/>
            <line num="22" count="0" type="stmt"/>
            <line num="23" count="0" type="stmt"/>
            <line num="24" count="0" type="stmt"/>
            <line falsecount="0" truecount="0" num="24" type="cond"/>
            <line num="26" count="0" type="stmt"/>
            <line num="27" count="0" type="stmt"/>
            <line num="28" count="0" type="stmt"/>
            <line falsecount="0" truecount="0" num="28" type="cond"/>
            <line num="29" count="0" type="stmt"/>
            <line num="32" count="0" type="stmt"/>
            <line falsecount="0" truecount="0" num="32" type="cond"/>
            <line num="33" count="0" type="stmt"/>
            <line num="35" count="0" type="stmt"/>
            <line num="37" count="0" type="stmt"/>
            <line num="38" count="0" type="stmt"/>
            <line num="41" count="0" type="stmt"/>
            <line num="42" count="0" type="stmt"/>
            <line num="43" count="0" type="stmt"/>
            <line complexity="1" visibility="public" signature="start() : void" num="49" count="0" type="method"/>
            <line num="50" count="0" type="stmt"/>
            <line num="51" count="0" type="stmt"/>
            <line num="52" count="0" type="stmt"/>
            <line num="53" count="0" type="stmt"/>
            <line num="54" count="0" type="stmt"/>
         </file>
         <file path="/home/zisheng/ece651-spr20-g3-risc/risc/client/src/main/java/edu/duke/ece651/client/ClientHost.java" name="ClientHost.java">
            <metrics coveredelements="0" coveredconditionals="0" complexity="43" loc="315" coveredmethods="0" methods="27" elements="180" classes="1" ncloc="231" statements="123" conditionals="30" coveredstatements="0"/>
            <class name="ClientHost">
               <metrics coveredelements="0" coveredconditionals="0" complexity="43" coveredmethods="0" methods="27" elements="180" statements="123" conditionals="30" coveredstatements="0"/>
            </class>
            <line complexity="1" visibility="public" signature="ClientHost(String,int)" num="36" count="0" type="method"/>
            <line num="37" count="0" type="stmt"/>
            <line num="38" count="0" type="stmt"/>
            <line num="39" count="0" type="stmt"/>
            <line num="40" count="0" type="stmt"/>
            <line num="41" count="0" type="stmt"/>
            <line complexity="1" visibility="public" signature="ClientHost(String,int,ActionListener)" num="44" count="0" type="method"/>
            <line num="45" count="0" type="stmt"/>
            <line num="46" count="0" type="stmt"/>
            <line num="47" count="0" type="stmt"/>
            <line complexity="1" visibility="public" signature="ClientHost(String,int,ActionListener,Boolean)" num="50" count="0" type="method"/>
            <line num="51" count="0" type="stmt"/>
            <line num="52" count="0" type="stmt"/>
            <line num="53" count="0" type="stmt"/>
            <line complexity="2" visibility="public" signature="proccess() : void" num="57" count="0" type="method"/>
            <line num="58" count="0" type="stmt"/>
            <line num="59" count="0" type="stmt"/>
            <line num="61" count="0" type="stmt"/>
            <line falsecount="0" truecount="0" num="61" type="cond"/>
            <line num="62" count="0" type="stmt"/>
            <line num="75" count="0" type="stmt"/>
            <line complexity="4" visibility="public" signature="process() : void" num="82" count="0" type="method"/>
            <line num="83" count="0" type="stmt"/>
            <line num="84" count="0" type="stmt"/>
            <line num="85" count="0" type="stmt"/>
            <line falsecount="0" truecount="0" num="85" type="cond"/>
            <line num="86" count="0" type="stmt"/>
            <line num="87" count="0" type="stmt"/>
            <line num="88" count="0" type="stmt"/>
            <line falsecount="0" truecount="0" num="88" type="cond"/>
            <line num="89" count="0" type="stmt"/>
            <line num="91" count="0" type="stmt"/>
            <line num="92" count="0" type="stmt"/>
            <line num="94" count="0" type="stmt"/>
            <line num="97" count="0" type="stmt"/>
            <line falsecount="0" truecount="0" num="97" type="cond"/>
            <line num="98" count="0" type="stmt"/>
            <line num="99" count="0" type="stmt"/>
            <line num="100" count="0" type="stmt"/>
            <line num="101" count="0" type="stmt"/>
            <line num="102" count="0" type="stmt"/>
            <line num="103" count="0" type="stmt"/>
            <line num="104" count="0" type="stmt"/>
            <line num="105" count="0" type="stmt"/>
            <line num="106" count="0" type="stmt"/>
            <line num="107" count="0" type="stmt"/>
            <line complexity="1" visibility="private" signature="connectToHM() : void" num="111" count="0" type="method"/>
            <line num="112" count="0" type="stmt"/>
            <line num="113" count="0" type="stmt"/>
            <line num="114" count="0" type="stmt"/>
            <line num="115" count="0" type="stmt"/>
            <line complexity="1" visibility="private" signature="notifyHM() : void" num="118" count="0" type="method"/>
            <line num="119" count="0" type="stmt"/>
            <line num="120" count="0" type="stmt"/>
            <line num="121" count="0" type="stmt"/>
            <line complexity="2" visibility="public" signature="notInRoom() : boolean" num="124" count="0" type="method"/>
            <line num="125" count="0" type="stmt"/>
            <line num="126" count="0" type="stmt"/>
            <line falsecount="0" truecount="0" num="126" type="cond"/>
            <line num="127" count="0" type="stmt"/>
            <line num="130" count="0" type="stmt"/>
            <line complexity="1" visibility="private" signature="clearFinishedRoom() : void" num="134" count="0" type="method"/>
            <line complexity="1" visibility="private" signature="getMessageArr() : ArrayList&lt;Message&gt;" num="148" count="0" type="method"/>
            <line num="149" count="0" type="stmt"/>
            <line num="150" count="0" type="stmt"/>
            <line num="151" count="0" type="stmt"/>
            <line complexity="4" visibility="public" signature="recieveAvailableGames() : void" num="155" count="0" type="method"/>
            <line num="156" count="0" type="stmt"/>
            <line falsecount="0" truecount="0" num="156" type="cond"/>
            <line num="157" count="0" type="stmt"/>
            <line num="158" count="0" type="stmt"/>
            <line num="159" count="0" type="stmt"/>
            <line falsecount="0" truecount="0" num="159" type="cond"/>
            <line num="160" count="0" type="stmt"/>
            <line falsecount="0" truecount="0" num="160" type="cond"/>
            <line num="161" count="0" type="stmt"/>
            <line complexity="4" visibility="private" signature="isOldGame(Message) : boolean" num="168" count="0" type="method"/>
            <line num="170" count="0" type="stmt"/>
            <line num="171" count="0" type="stmt"/>
            <line num="174" count="0" type="stmt"/>
            <line falsecount="0" truecount="0" num="174" type="cond"/>
            <line num="175" count="0" type="stmt"/>
            <line num="177" count="0" type="stmt"/>
            <line num="178" count="0" type="stmt"/>
            <line num="180" count="0" type="stmt"/>
            <line falsecount="0" truecount="0" num="180" type="cond"/>
            <line num="181" count="0" type="stmt"/>
            <line num="184" count="0" type="stmt"/>
            <line complexity="3" visibility="public" signature="refreshAndWaitAvailableGames() : void" num="188" count="0" type="method"/>
            <line num="192" count="0" type="stmt"/>
            <line num="193" count="0" type="stmt"/>
            <line num="195" count="0" type="stmt"/>
            <line num="197" count="0" type="stmt"/>
            <line num="198" count="0" type="stmt"/>
            <line num="199" count="0" type="stmt"/>
            <line num="200" count="0" type="stmt"/>
            <line falsecount="0" truecount="0" num="200" type="cond"/>
            <line num="201" count="0" type="stmt"/>
            <line falsecount="0" truecount="0" num="201" type="cond"/>
            <line num="202" count="0" type="stmt"/>
            <line num="204" count="0" type="stmt"/>
            <line num="205" count="0" type="stmt"/>
            <line num="206" count="0" type="stmt"/>
            <line num="207" count="0" type="stmt"/>
            <line num="208" count="0" type="stmt"/>
            <line num="209" count="0" type="stmt"/>
            <line num="213" count="0" type="stmt"/>
            <line num="214" count="0" type="stmt"/>
            <line num="215" count="0" type="stmt"/>
            <line num="216" count="0" type="stmt"/>
            <line complexity="1" visibility="private" signature="askForAvailableGames() : void" num="222" count="0" type="method"/>
            <line num="223" count="0" type="stmt"/>
            <line num="224" count="0" type="stmt"/>
            <line num="225" count="0" type="stmt"/>
            <line complexity="2" visibility="public" signature="getAvailableGamesStr() : String" num="232" count="0" type="method"/>
            <line num="233" count="0" type="stmt"/>
            <line num="234" count="0" type="stmt"/>
            <line num="235" count="0" type="stmt"/>
            <line falsecount="0" truecount="0" num="235" type="cond"/>
            <line num="236" count="0" type="stmt"/>
            <line num="237" count="0" type="stmt"/>
            <line num="238" count="0" type="stmt"/>
            <line num="239" count="0" type="stmt"/>
            <line num="240" count="0" type="stmt"/>
            <line num="241" count="0" type="stmt"/>
            <line num="242" count="0" type="stmt"/>
            <line num="244" count="0" type="stmt"/>
            <line complexity="2" visibility="public" signature="getOldGamesStr() : String" num="247" count="0" type="method"/>
            <line num="248" count="0" type="stmt"/>
            <line num="249" count="0" type="stmt"/>
            <line num="250" count="0" type="stmt"/>
            <line falsecount="0" truecount="0" num="250" type="cond"/>
            <line num="251" count="0" type="stmt"/>
            <line num="252" count="0" type="stmt"/>
            <line num="253" count="0" type="stmt"/>
            <line num="255" count="0" type="stmt"/>
            <line complexity="1" visibility="public" signature="addToGames(Client) : void" num="260" count="0" type="method"/>
            <line num="261" count="0" type="stmt"/>
            <line num="262" count="0" type="stmt"/>
            <line num="263" count="0" type="stmt"/>
            <line complexity="2" visibility="public" signature="sendMessage(Message) : void" num="266" count="0" type="method"/>
            <line num="267" count="0" type="stmt"/>
            <line num="268" count="0" type="stmt"/>
            <line falsecount="0" truecount="0" num="268" type="cond"/>
            <line num="269" count="0" type="stmt"/>
            <line num="272" count="0" type="stmt"/>
            <line num="273" count="0" type="stmt"/>
            <line complexity="1" visibility="public" signature="getAvailableGames() : ArrayList&lt;Message&gt;" num="277" count="0" type="method"/>
            <line num="278" count="0" type="stmt"/>
            <line complexity="1" visibility="public" signature="getGames() : ArrayList&lt;Client&gt;" num="281" count="0" type="method"/>
            <line num="282" count="0" type="stmt"/>
            <line complexity="1" visibility="public" signature="setGameInfo(Message) : void" num="285" count="0" type="method"/>
            <line num="286" count="0" type="stmt"/>
            <line complexity="1" visibility="public" signature="getGameInfo() : Message" num="289" count="0" type="method"/>
            <line num="290" count="0" type="stmt"/>
            <line complexity="1" visibility="public" signature="getGameChoosed() : Client" num="293" count="0" type="method"/>
            <line num="294" count="0" type="stmt"/>
            <line complexity="1" visibility="public" signature="setGameChoosed(Client) : void" num="297" count="0" type="method"/>
            <line num="298" count="0" type="stmt"/>
            <line complexity="1" visibility="public" signature="setGames(ArrayList&lt;Client&gt;) : void" num="301" count="0" type="method"/>
            <line num="302" count="0" type="stmt"/>
            <line complexity="1" visibility="public" signature="getCurGame() : Client" num="305" count="0" type="method"/>
            <line num="306" count="0" type="stmt"/>
            <line complexity="1" visibility="public" signature="setCurGame(Client) : void" num="309" count="0" type="method"/>
            <line num="310" count="0" type="stmt"/>
         </file>
         <file path="/home/zisheng/ece651-spr20-g3-risc/risc/client/src/main/java/edu/duke/ece651/client/AttackOrderPrompt.java" name="AttackOrderPrompt.java">
            <metrics coveredelements="0" coveredconditionals="0" complexity="7" loc="92" coveredmethods="0" methods="4" elements="41" classes="1" ncloc="64" statements="31" conditionals="6" coveredstatements="0"/>
            <class name="AttackOrderPrompt">
               <metrics coveredelements="0" coveredconditionals="0" complexity="7" coveredmethods="0" methods="4" elements="41" statements="31" conditionals="6" coveredstatements="0"/>
            </class>
            <line complexity="1" visibility="public" signature="AttackOrderPrompt(JFrame,ActionListener,String,Player)" num="21" count="0" type="method"/>
            <line num="23" count="0" type="stmt"/>
            <line num="24" count="0" type="stmt"/>
            <line num="25" count="0" type="stmt"/>
            <line complexity="4" visibility="public" signature="actionPerformed(ActionEvent) : void" num="29" count="0" type="method"/>
            <line num="31" count="0" type="stmt"/>
            <line num="32" count="0" type="stmt"/>
            <line num="34" count="0" type="stmt"/>
            <line falsecount="0" truecount="0" num="34" type="cond"/>
            <line num="36" count="0" type="stmt"/>
            <line num="37" count="0" type="stmt"/>
            <line num="38" count="0" type="stmt"/>
            <line num="41" count="0" type="stmt"/>
            <line falsecount="0" truecount="0" num="41" type="cond"/>
            <line num="43" count="0" type="stmt"/>
            <line num="44" count="0" type="stmt"/>
            <line num="45" count="0" type="stmt"/>
            <line num="46" count="0" type="stmt"/>
            <line num="50" count="0" type="stmt"/>
            <line num="53" count="0" type="stmt"/>
            <line falsecount="0" truecount="0" num="53" type="cond"/>
            <line num="54" count="0" type="stmt"/>
            <line num="55" count="0" type="stmt"/>
            <line num="56" count="0" type="stmt"/>
            <line complexity="1" visibility="public" signature="start() : void" num="62" count="0" type="method"/>
            <line num="63" count="0" type="stmt"/>
            <line num="64" count="0" type="stmt"/>
            <line num="65" count="0" type="stmt"/>
            <line num="66" count="0" type="stmt"/>
            <line num="67" count="0" type="stmt"/>
            <line complexity="1" visibility="private" signature="selectDestTerr(String[]) : void" num="72" count="0" type="method"/>
            <line num="74" count="0" type="stmt"/>
            <line num="77" count="0" type="stmt"/>
            <line num="79" count="0" type="stmt"/>
            <line num="82" count="0" type="stmt"/>
            <line num="83" count="0" type="stmt"/>
            <line num="84" count="0" type="stmt"/>
            <line num="89" count="0" type="stmt"/>
         </file>
         <file path="/home/zisheng/ece651-spr20-g3-risc/risc/client/src/main/java/edu/duke/ece651/client/ButtonsPanel.java" name="ButtonsPanel.java">
            <metrics coveredelements="0" coveredconditionals="0" complexity="3" loc="48" coveredmethods="0" methods="3" elements="21" classes="1" ncloc="36" statements="18" conditionals="0" coveredstatements="0"/>
            <class name="ButtonsPanel">
               <metrics coveredelements="0" coveredconditionals="0" complexity="3" coveredmethods="0" methods="3" elements="21" statements="18" conditionals="0" coveredstatements="0"/>
            </class>
            <line complexity="1" visibility="public" signature="ButtonsPanel(int,int,String,String,ArrayList&lt;String&gt;,ActionListener)" num="14" count="0" type="method"/>
            <line num="18" count="0" type="stmt"/>
            <line complexity="1" visibility="public" signature="generatePanel() : void" num="21" count="0" type="method"/>
            <line num="22" count="0" type="stmt"/>
            <line num="23" count="0" type="stmt"/>
            <line num="24" count="0" type="stmt"/>
            <line complexity="1" visibility="public" signature="generatePanel(int,int) : void" num="27" count="0" type="method"/>
            <line num="28" count="0" type="stmt"/>
            <line num="29" count="0" type="stmt"/>
            <line num="30" count="0" type="stmt"/>
            <line num="32" count="0" type="stmt"/>
            <line num="33" count="0" type="stmt"/>
            <line num="34" count="0" type="stmt"/>
            <line num="36" count="0" type="stmt"/>
            <line num="38" count="0" type="stmt"/>
            <line num="39" count="0" type="stmt"/>
            <line num="40" count="0" type="stmt"/>
            <line num="41" count="0" type="stmt"/>
            <line num="42" count="0" type="stmt"/>
            <line num="43" count="0" type="stmt"/>
            <line num="44" count="0" type="stmt"/>
         </file>
         <file path="/home/zisheng/ece651-spr20-g3-risc/risc/client/src/main/java/edu/duke/ece651/client/MoveSpyPrompt.java" name="MoveSpyPrompt.java">
            <metrics coveredelements="0" coveredconditionals="0" complexity="8" loc="76" coveredmethods="0" methods="4" elements="44" classes="1" ncloc="56" statements="32" conditionals="8" coveredstatements="0"/>
            <class name="MoveSpyPrompt">
               <metrics coveredelements="0" coveredconditionals="0" complexity="8" coveredmethods="0" methods="4" elements="44" statements="32" conditionals="8" coveredstatements="0"/>
            </class>
            <line complexity="1" visibility="public" signature="MoveSpyPrompt(JFrame,ActionListener,String,Player)" num="16" count="0" type="method"/>
            <line num="18" count="0" type="stmt"/>
            <line num="19" count="0" type="stmt"/>
            <line complexity="3" visibility="public" signature="actionPerformed(ActionEvent) : void" num="22" count="0" type="method"/>
            <line num="24" count="0" type="stmt"/>
            <line num="25" count="0" type="stmt"/>
            <line num="28" count="0" type="stmt"/>
            <line falsecount="0" truecount="0" num="28" type="cond"/>
            <line num="29" count="0" type="stmt"/>
            <line num="30" count="0" type="stmt"/>
            <line num="31" count="0" type="stmt"/>
            <line num="35" count="0" type="stmt"/>
            <line falsecount="0" truecount="0" num="35" type="cond"/>
            <line num="36" count="0" type="stmt"/>
            <line num="37" count="0" type="stmt"/>
            <line num="38" count="0" type="stmt"/>
            <line num="39" count="0" type="stmt"/>
            <line num="40" count="0" type="stmt"/>
            <line num="41" count="0" type="stmt"/>
            <line num="42" count="0" type="stmt"/>
            <line complexity="3" visibility="public" signature="start() : void" num="46" count="0" type="method"/>
            <line num="47" count="0" type="stmt"/>
            <line num="48" count="0" type="stmt"/>
            <line num="49" count="0" type="stmt"/>
            <line num="50" count="0" type="stmt"/>
            <line falsecount="0" truecount="0" num="50" type="cond"/>
            <line num="51" count="0" type="stmt"/>
            <line num="54" count="0" type="stmt"/>
            <line falsecount="0" truecount="0" num="54" type="cond"/>
            <line num="55" count="0" type="stmt"/>
            <line num="57" count="0" type="stmt"/>
            <line num="58" count="0" type="stmt"/>
            <line num="59" count="0" type="stmt"/>
            <line num="60" count="0" type="stmt"/>
            <line complexity="1" visibility="private" signature="selectDestTerr(String[]) : void" num="65" count="0" type="method"/>
            <line num="66" count="0" type="stmt"/>
            <line num="67" count="0" type="stmt"/>
            <line num="68" count="0" type="stmt"/>
            <line num="69" count="0" type="stmt"/>
            <line num="72" count="0" type="stmt"/>
         </file>
         <file path="/home/zisheng/ece651-spr20-g3-risc/risc/client/src/main/java/edu/duke/ece651/client/MakeOrderPrompt.java" name="MakeOrderPrompt.java">
            <metrics coveredelements="0" coveredconditionals="0" complexity="37" loc="223" coveredmethods="0" methods="6" elements="151" classes="1" ncloc="180" statements="105" conditionals="40" coveredstatements="0"/>
            <class name="MakeOrderPrompt">
               <metrics coveredelements="0" coveredconditionals="0" complexity="37" coveredmethods="0" methods="6" elements="151" statements="105" conditionals="40" coveredstatements="0"/>
            </class>
            <line complexity="1" visibility="public" signature="MakeOrderPrompt(JFrame,ActionListener,String,Client)" num="25" count="0" type="method"/>
            <line num="27" count="0" type="stmt"/>
            <line num="28" count="0" type="stmt"/>
            <line complexity="27" visibility="public" signature="actionPerformed(ActionEvent) : void" num="32" count="0" type="method"/>
            <line num="34" count="0" type="stmt"/>
            <line num="37" count="0" type="stmt"/>
            <line num="38" count="0" type="stmt"/>
            <line num="40" count="0" type="stmt"/>
            <line falsecount="0" truecount="0" num="40" type="cond"/>
            <line num="41" count="0" type="stmt"/>
            <line num="45" count="0" type="stmt"/>
            <line falsecount="0" truecount="0" num="45" type="cond"/>
            <line num="46" count="0" type="stmt"/>
            <line num="49" count="0" type="stmt"/>
            <line num="52" count="0" type="stmt"/>
            <line falsecount="0" truecount="0" num="52" type="cond"/>
            <line num="53" count="0" type="stmt"/>
            <line num="54" count="0" type="stmt"/>
            <line num="58" count="0" type="stmt"/>
            <line falsecount="0" truecount="0" num="58" type="cond"/>
            <line num="59" count="0" type="stmt"/>
            <line num="62" count="0" type="stmt"/>
            <line num="64" count="0" type="stmt"/>
            <line falsecount="0" truecount="0" num="64" type="cond"/>
            <line num="65" count="0" type="stmt"/>
            <line num="66" count="0" type="stmt"/>
            <line num="70" count="0" type="stmt"/>
            <line falsecount="0" truecount="0" num="70" type="cond"/>
            <line num="71" count="0" type="stmt"/>
            <line num="74" count="0" type="stmt"/>
            <line num="76" count="0" type="stmt"/>
            <line falsecount="0" truecount="0" num="76" type="cond"/>
            <line num="77" count="0" type="stmt"/>
            <line num="78" count="0" type="stmt"/>
            <line num="81" count="0" type="stmt"/>
            <line falsecount="0" truecount="0" num="81" type="cond"/>
            <line num="82" count="0" type="stmt"/>
            <line num="85" count="0" type="stmt"/>
            <line num="87" count="0" type="stmt"/>
            <line falsecount="0" truecount="0" num="87" type="cond"/>
            <line num="88" count="0" type="stmt"/>
            <line num="89" count="0" type="stmt"/>
            <line num="93" count="0" type="stmt"/>
            <line falsecount="0" truecount="0" num="93" type="cond"/>
            <line num="94" count="0" type="stmt"/>
            <line num="96" count="0" type="stmt"/>
            <line num="98" count="0" type="stmt"/>
            <line falsecount="0" truecount="0" num="98" type="cond"/>
            <line num="99" count="0" type="stmt"/>
            <line num="100" count="0" type="stmt"/>
            <line num="103" count="0" type="stmt"/>
            <line falsecount="0" truecount="0" num="103" type="cond"/>
            <line num="104" count="0" type="stmt"/>
            <line num="107" count="0" type="stmt"/>
            <line falsecount="0" truecount="0" num="107" type="cond"/>
            <line num="108" count="0" type="stmt"/>
            <line num="109" count="0" type="stmt"/>
            <line num="111" count="0" type="stmt"/>
            <line falsecount="0" truecount="0" num="111" type="cond"/>
            <line num="112" count="0" type="stmt"/>
            <line num="113" count="0" type="stmt"/>
            <line num="116" count="0" type="stmt"/>
            <line falsecount="0" truecount="0" num="116" type="cond"/>
            <line num="117" count="0" type="stmt"/>
            <line num="118" count="0" type="stmt"/>
            <line num="119" count="0" type="stmt"/>
            <line num="122" count="0" type="stmt"/>
            <line falsecount="0" truecount="0" num="122" type="cond"/>
            <line num="123" count="0" type="stmt"/>
            <line num="124" count="0" type="stmt"/>
            <line num="125" count="0" type="stmt"/>
            <line num="126" count="0" type="stmt"/>
            <line num="127" count="0" type="stmt"/>
            <line num="132" count="0" type="stmt"/>
            <line complexity="5" visibility="public" signature="displayOrderPanel() : void" num="138" count="0" type="method"/>
            <line num="139" count="0" type="stmt"/>
            <line num="140" count="0" type="stmt"/>
            <line num="141" count="0" type="stmt"/>
            <line num="142" count="0" type="stmt"/>
            <line num="144" count="0" type="stmt"/>
            <line num="147" count="0" type="stmt"/>
            <line num="148" count="0" type="stmt"/>
            <line num="151" count="0" type="stmt"/>
            <line num="152" count="0" type="stmt"/>
            <line num="153" count="0" type="stmt"/>
            <line num="154" count="0" type="stmt"/>
            <line num="155" count="0" type="stmt"/>
            <line num="158" count="0" type="stmt"/>
            <line num="159" count="0" type="stmt"/>
            <line num="160" count="0" type="stmt"/>
            <line num="161" count="0" type="stmt"/>
            <line falsecount="0" truecount="0" num="161" type="cond"/>
            <line num="162" count="0" type="stmt"/>
            <line num="165" count="0" type="stmt"/>
            <line num="169" count="0" type="stmt"/>
            <line falsecount="0" truecount="0" num="169" type="cond"/>
            <line num="170" count="0" type="stmt"/>
            <line num="171" count="0" type="stmt"/>
            <line falsecount="0" truecount="0" num="171" type="cond"/>
            <line num="172" count="0" type="stmt"/>
            <line num="175" count="0" type="stmt"/>
            <line num="176" count="0" type="stmt"/>
            <line num="177" count="0" type="stmt"/>
            <line num="179" count="0" type="stmt"/>
            <line num="180" count="0" type="stmt"/>
            <line num="182" count="0" type="stmt"/>
            <line num="183" count="0" type="stmt"/>
            <line num="184" count="0" type="stmt"/>
            <line num="185" count="0" type="stmt"/>
            <line num="189" count="0" type="stmt"/>
            <line complexity="2" visibility="public" signature="researchCloak() : void" num="193" count="0" type="method"/>
            <line num="194" count="0" type="stmt"/>
            <line num="195" count="0" type="stmt"/>
            <line num="196" count="0" type="stmt"/>
            <line num="197" count="0" type="stmt"/>
            <line num="198" count="0" type="stmt"/>
            <line num="199" count="0" type="stmt"/>
            <line falsecount="0" truecount="0" num="199" type="cond"/>
            <line num="200" count="0" type="stmt"/>
            <line num="202" count="0" type="stmt"/>
            <line num="203" count="0" type="stmt"/>
            <line num="204" count="0" type="stmt"/>
            <line num="205" count="0" type="stmt"/>
            <line complexity="1" visibility="public" signature="printMessagesList() : void" num="209" count="0" type="method"/>
            <line num="210" count="0" type="stmt"/>
            <line num="211" count="0" type="stmt"/>
            <line num="212" count="0" type="stmt"/>
            <line num="214" count="0" type="stmt"/>
            <line num="216" count="0" type="stmt"/>
            <line complexity="1" visibility="public" signature="clearMessages() : void" num="219" count="0" type="method"/>
            <line num="220" count="0" type="stmt"/>
         </file>
         <file path="/home/zisheng/ece651-spr20-g3-risc/risc/client/src/main/java/edu/duke/ece651/client/SelectUnitsPrompt.java" name="SelectUnitsPrompt.java">
            <metrics coveredelements="0" coveredconditionals="0" complexity="24" loc="233" coveredmethods="0" methods="9" elements="153" classes="1" ncloc="181" statements="118" conditionals="26" coveredstatements="0"/>
            <class name="SelectUnitsPrompt">
               <metrics coveredelements="0" coveredconditionals="0" complexity="24" coveredmethods="0" methods="9" elements="153" statements="118" conditionals="26" coveredstatements="0"/>
            </class>
            <line complexity="1" visibility="public" signature="SelectUnitsPrompt(JFrame,ActionListener,String,Player,Message,String)" num="19" count="0" type="method"/>
            <line num="21" count="0" type="stmt"/>
            <line num="22" count="0" type="stmt"/>
            <line num="23" count="0" type="stmt"/>
            <line num="24" count="0" type="stmt"/>
            <line num="25" count="0" type="stmt"/>
            <line num="27" count="0" type="stmt"/>
            <line complexity="3" visibility="public" signature="actionPerformed(ActionEvent) : void" num="30" count="0" type="method"/>
            <line num="32" count="0" type="stmt"/>
            <line num="33" count="0" type="stmt"/>
            <line num="34" count="0" type="stmt"/>
            <line num="35" count="0" type="stmt"/>
            <line falsecount="0" truecount="0" num="35" type="cond"/>
            <line num="36" count="0" type="stmt"/>
            <line num="40" count="0" type="stmt"/>
            <line complexity="3" visibility="protected" signature="validNumUnits(String) : boolean" num="48" count="0" type="method"/>
            <line num="49" count="0" type="stmt"/>
            <line num="50" count="0" type="stmt"/>
            <line num="51" count="0" type="stmt"/>
            <line num="52" count="0" type="stmt"/>
            <line falsecount="0" truecount="0" num="52" type="cond"/>
            <line num="53" count="0" type="stmt"/>
            <line num="54" count="0" type="stmt"/>
            <line falsecount="0" truecount="0" num="54" type="cond"/>
            <line num="55" count="0" type="stmt"/>
            <line num="58" count="0" type="stmt"/>
            <line complexity="2" visibility="public" signature="promptLevelUnitsPanel() : void" num="62" count="0" type="method"/>
            <line num="63" count="0" type="stmt"/>
            <line num="64" count="0" type="stmt"/>
            <line num="65" count="0" type="stmt"/>
            <line num="67" count="0" type="stmt"/>
            <line falsecount="0" truecount="0" num="67" type="cond"/>
            <line num="68" count="0" type="stmt"/>
            <line num="73" count="0" type="stmt"/>
            <line num="76" count="0" type="stmt"/>
            <line num="77" count="0" type="stmt"/>
            <line num="80" count="0" type="stmt"/>
            <line num="81" count="0" type="stmt"/>
            <line num="82" count="0" type="stmt"/>
            <line num="83" count="0" type="stmt"/>
            <line num="84" count="0" type="stmt"/>
            <line complexity="4" visibility="private" signature="selectedUnitsParser(String[]) : void" num="89" count="0" type="method"/>
            <line num="90" count="0" type="stmt"/>
            <line num="91" count="0" type="stmt"/>
            <line falsecount="0" truecount="0" num="91" type="cond"/>
            <line num="92" count="0" type="stmt"/>
            <line num="94" count="0" type="stmt"/>
            <line falsecount="0" truecount="0" num="94" type="cond"/>
            <line num="95" count="0" type="stmt"/>
            <line num="97" count="0" type="stmt"/>
            <line falsecount="0" truecount="0" num="97" type="cond"/>
            <line num="98" count="0" type="stmt"/>
            <line num="100" count="0" type="stmt"/>
            <line num="101" count="0" type="stmt"/>
            <line complexity="5" visibility="private" signature="selectedUnitsUpgradeParser(String[]) : void" num="108" count="0" type="method"/>
            <line num="109" count="0" type="stmt"/>
            <line num="110" count="0" type="stmt"/>
            <line num="111" count="0" type="stmt"/>
            <line num="112" count="0" type="stmt"/>
            <line num="113" count="0" type="stmt"/>
            <line num="114" count="0" type="stmt"/>
            <line num="115" count="0" type="stmt"/>
            <line num="116" count="0" type="stmt"/>
            <line num="118" count="0" type="stmt"/>
            <line num="119" count="0" type="stmt"/>
            <line falsecount="0" truecount="0" num="119" type="cond"/>
            <line num="120" count="0" type="stmt"/>
            <line num="122" count="0" type="stmt"/>
            <line num="123" count="0" type="stmt"/>
            <line num="124" count="0" type="stmt"/>
            <line num="126" count="0" type="stmt"/>
            <line num="128" count="0" type="stmt"/>
            <line num="131" count="0" type="stmt"/>
            <line falsecount="0" truecount="0" num="131" type="cond"/>
            <line num="132" count="0" type="stmt"/>
            <line falsecount="0" truecount="0" num="132" type="cond"/>
            <line num="134" count="0" type="stmt"/>
            <line num="138" count="0" type="stmt"/>
            <line num="139" count="0" type="stmt"/>
            <line num="142" count="0" type="stmt"/>
            <line complexity="2" visibility="private" signature="selectedUnitsMoveParser(String[]) : void" num="149" count="0" type="method"/>
            <line num="150" count="0" type="stmt"/>
            <line num="152" count="0" type="stmt"/>
            <line num="153" count="0" type="stmt"/>
            <line num="154" count="0" type="stmt"/>
            <line num="155" count="0" type="stmt"/>
            <line num="156" count="0" type="stmt"/>
            <line num="157" count="0" type="stmt"/>
            <line num="158" count="0" type="stmt"/>
            <line num="159" count="0" type="stmt"/>
            <line num="160" count="0" type="stmt"/>
            <line num="161" count="0" type="stmt"/>
            <line num="163" count="0" type="stmt"/>
            <line num="164" count="0" type="stmt"/>
            <line num="166" count="0" type="stmt"/>
            <line num="167" count="0" type="stmt"/>
            <line falsecount="0" truecount="0" num="167" type="cond"/>
            <line num="169" count="0" type="stmt"/>
            <line num="170" count="0" type="stmt"/>
            <line num="171" count="0" type="stmt"/>
            <line num="173" count="0" type="stmt"/>
            <line num="174" count="0" type="stmt"/>
            <line num="175" count="0" type="stmt"/>
            <line num="176" count="0" type="stmt"/>
            <line num="180" count="0" type="stmt"/>
            <line complexity="2" visibility="private" signature="selectedUnitsAttackParser(String[]) : void" num="188" count="0" type="method"/>
            <line num="189" count="0" type="stmt"/>
            <line num="191" count="0" type="stmt"/>
            <line num="193" count="0" type="stmt"/>
            <line num="194" count="0" type="stmt"/>
            <line num="195" count="0" type="stmt"/>
            <line num="196" count="0" type="stmt"/>
            <line num="197" count="0" type="stmt"/>
            <line num="198" count="0" type="stmt"/>
            <line num="199" count="0" type="stmt"/>
            <line num="200" count="0" type="stmt"/>
            <line num="201" count="0" type="stmt"/>
            <line num="202" count="0" type="stmt"/>
            <line num="203" count="0" type="stmt"/>
            <line num="204" count="0" type="stmt"/>
            <line num="207" count="0" type="stmt"/>
            <line num="208" count="0" type="stmt"/>
            <line num="209" count="0" type="stmt"/>
            <line num="210" count="0" type="stmt"/>
            <line num="211" count="0" type="stmt"/>
            <line num="212" count="0" type="stmt"/>
            <line num="213" count="0" type="stmt"/>
            <line num="214" count="0" type="stmt"/>
            <line num="215" count="0" type="stmt"/>
            <line num="216" count="0" type="stmt"/>
            <line num="217" count="0" type="stmt"/>
            <line num="218" count="0" type="stmt"/>
            <line num="221" count="0" type="stmt"/>
            <line falsecount="0" truecount="0" num="221" type="cond"/>
            <line num="222" count="0" type="stmt"/>
            <line num="224" count="0" type="stmt"/>
            <line complexity="2" visibility="private" signature="atkTmpRemove(Territory,ArrayList&lt;Integer&gt;) : void" num="227" count="0" type="method"/>
            <line num="228" count="0" type="stmt"/>
            <line falsecount="0" truecount="0" num="228" type="cond"/>
            <line num="229" count="0" type="stmt"/>
         </file>
         <file path="/home/zisheng/ece651-spr20-g3-risc/risc/client/src/main/java/edu/duke/ece651/client/WeaponOrderPrompt.java" name="WeaponOrderPrompt.java">
            <metrics coveredelements="0" coveredconditionals="0" complexity="13" loc="94" coveredmethods="0" methods="4" elements="54" classes="1" ncloc="75" statements="40" conditionals="10" coveredstatements="0"/>
            <class name="WeaponOrderPrompt">
               <metrics coveredelements="0" coveredconditionals="0" complexity="13" coveredmethods="0" methods="4" elements="54" statements="40" conditionals="10" coveredstatements="0"/>
            </class>
            <line complexity="1" visibility="public" signature="WeaponOrderPrompt(JFrame,ActionListener,String,Player)" num="19" count="0" type="method"/>
            <line num="21" count="0" type="stmt"/>
            <line num="22" count="0" type="stmt"/>
            <line complexity="10" visibility="public" signature="actionPerformed(ActionEvent) : void" num="25" count="0" type="method"/>
            <line num="27" count="0" type="stmt"/>
            <line num="28" count="0" type="stmt"/>
            <line num="29" count="0" type="stmt"/>
            <line num="31" count="0" type="stmt"/>
            <line falsecount="0" truecount="0" num="31" type="cond"/>
            <line num="32" count="0" type="stmt"/>
            <line num="33" count="0" type="stmt"/>
            <line num="34" count="0" type="stmt"/>
            <line num="35" count="0" type="stmt"/>
            <line falsecount="0" truecount="0" num="35" type="cond"/>
            <line num="36" count="0" type="stmt"/>
            <line num="39" count="0" type="stmt"/>
            <line num="40" count="0" type="stmt"/>
            <line num="43" count="0" type="stmt"/>
            <line falsecount="0" truecount="0" num="43" type="cond"/>
            <line num="44" count="0" type="stmt"/>
            <line num="45" count="0" type="stmt"/>
            <line num="46" count="0" type="stmt"/>
            <line num="47" count="0" type="stmt"/>
            <line falsecount="0" truecount="0" num="47" type="cond"/>
            <line num="48" count="0" type="stmt"/>
            <line num="51" count="0" type="stmt"/>
            <line num="52" count="0" type="stmt"/>
            <line num="54" count="0" type="stmt"/>
            <line falsecount="0" truecount="0" num="54" type="cond"/>
            <line num="55" count="0" type="stmt"/>
            <line num="59" count="0" type="stmt"/>
            <line num="60" count="0" type="stmt"/>
            <line complexity="1" visibility="public" signature="start() : void" num="65" count="0" type="method"/>
            <line num="66" count="0" type="stmt"/>
            <line num="69" count="0" type="stmt"/>
            <line num="72" count="0" type="stmt"/>
            <line num="73" count="0" type="stmt"/>
            <line num="74" count="0" type="stmt"/>
            <line num="75" count="0" type="stmt"/>
            <line num="76" count="0" type="stmt"/>
            <line num="78" count="0" type="stmt"/>
            <line num="80" count="0" type="stmt"/>
            <line num="82" count="0" type="stmt"/>
            <line num="83" count="0" type="stmt"/>
            <line num="84" count="0" type="stmt"/>
            <line num="85" count="0" type="stmt"/>
            <line num="86" count="0" type="stmt"/>
            <line complexity="1" visibility="public" signature="displayOrderPanel() : void" num="89" count="0" type="method"/>
            <line num="90" count="0" type="stmt"/>
         </file>
         <file path="/home/zisheng/ece651-spr20-g3-risc/risc/client/src/main/java/edu/duke/ece651/client/PromptPanel.java" name="PromptPanel.java">
            <metrics coveredelements="0" coveredconditionals="0" complexity="2" loc="43" coveredmethods="0" methods="2" elements="11" classes="1" ncloc="31" statements="9" conditionals="0" coveredstatements="0"/>
            <class name="PromptPanel">
               <metrics coveredelements="0" coveredconditionals="0" complexity="2" coveredmethods="0" methods="2" elements="11" statements="9" conditionals="0" coveredstatements="0"/>
            </class>
            <line complexity="1" visibility="public" signature="PromptPanel(int,int,String,String,ArrayList&lt;String&gt;,ActionListener)" num="22" count="0" type="method"/>
            <line num="26" count="0" type="stmt"/>
            <line num="27" count="0" type="stmt"/>
            <line num="29" count="0" type="stmt"/>
            <line num="30" count="0" type="stmt"/>
            <line num="32" count="0" type="stmt"/>
            <line num="34" count="0" type="stmt"/>
            <line num="35" count="0" type="stmt"/>
            <line num="36" count="0" type="stmt"/>
            <line complexity="1" visibility="public" signature="getPanel() : JLayeredPane" num="39" count="0" type="method"/>
            <line num="40" count="0" type="stmt"/>
         </file>
         <file path="/home/zisheng/ece651-spr20-g3-risc/risc/client/src/main/java/edu/duke/ece651/client/Player.java" name="Player.java">
            <metrics coveredelements="0" coveredconditionals="0" complexity="22" loc="249" coveredmethods="0" methods="14" elements="119" classes="1" ncloc="174" statements="89" conditionals="16" coveredstatements="0"/>
            <class name="Player">
               <metrics coveredelements="0" coveredconditionals="0" complexity="22" coveredmethods="0" methods="14" elements="119" statements="89" conditionals="16" coveredstatements="0"/>
            </class>
            <line complexity="1" visibility="public" signature="Player(String)" num="41" count="0" type="method"/>
            <line num="42" count="0" type="stmt"/>
            <line num="43" count="0" type="stmt"/>
            <line num="48" count="0" type="stmt"/>
            <line num="49" count="0" type="stmt"/>
            <line num="50" count="0" type="stmt"/>
            <line complexity="1" visibility="public" signature="Player(String,GameMap)" num="53" count="0" type="method"/>
            <line num="54" count="0" type="stmt"/>
            <line num="55" count="0" type="stmt"/>
            <line num="56" count="0" type="stmt"/>
            <line num="58" count="0" type="stmt"/>
            <line num="59" count="0" type="stmt"/>
            <line num="60" count="0" type="stmt"/>
            <line complexity="1" visibility="public" signature="Player(String,GameMap,ActionListener)" num="64" count="0" type="method"/>
            <line num="66" count="0" type="stmt"/>
            <line num="67" count="0" type="stmt"/>
            <line num="68" count="0" type="stmt"/>
            <line complexity="1" visibility="public" signature="promptTerritoryString(String) : String" num="71" count="0" type="method"/>
            <line num="72" count="0" type="stmt"/>
            <line num="73" count="0" type="stmt"/>
            <line num="76" count="0" type="stmt"/>
            <line num="77" count="0" type="stmt"/>
            <line num="78" count="0" type="stmt"/>
            <line num="79" count="0" type="stmt"/>
            <line num="80" count="0" type="stmt"/>
            <line num="81" count="0" type="stmt"/>
            <line num="82" count="0" type="stmt"/>
            <line num="83" count="0" type="stmt"/>
            <line num="87" count="0" type="stmt"/>
            <line num="88" count="0" type="stmt"/>
            <line num="91" count="0" type="stmt"/>
            <line num="99" count="0" type="stmt"/>
            <line complexity="3" visibility="private" signature="promptGeneratorHelper(String,String) : String" num="102" count="0" type="method"/>
            <line num="104" count="0" type="stmt"/>
            <line num="105" count="0" type="stmt"/>
            <line falsecount="0" truecount="0" num="105" type="cond"/>
            <line num="107" count="0" type="stmt"/>
            <line num="108" count="0" type="stmt"/>
            <line num="109" count="0" type="stmt"/>
            <line num="110" count="0" type="stmt"/>
            <line num="111" count="0" type="stmt"/>
            <line num="112" count="0" type="stmt"/>
            <line num="113" count="0" type="stmt"/>
            <line num="114" count="0" type="stmt"/>
            <line num="124" count="0" type="stmt"/>
            <line falsecount="0" truecount="0" num="124" type="cond"/>
            <line num="125" count="0" type="stmt"/>
            <line num="128" count="0" type="stmt"/>
            <line complexity="5" visibility="private" signature="promptNeighborHelper(String,String) : String" num="131" count="0" type="method"/>
            <line num="132" count="0" type="stmt"/>
            <line num="133" count="0" type="stmt"/>
            <line falsecount="0" truecount="0" num="133" type="cond"/>
            <line num="134" count="0" type="stmt"/>
            <line num="136" count="0" type="stmt"/>
            <line falsecount="0" truecount="0" num="136" type="cond"/>
            <line num="138" count="0" type="stmt"/>
            <line falsecount="0" truecount="0" num="138" type="cond"/>
            <line num="139" count="0" type="stmt"/>
            <line num="140" count="0" type="stmt"/>
            <line num="141" count="0" type="stmt"/>
            <line num="142" count="0" type="stmt"/>
            <line num="143" count="0" type="stmt"/>
            <line num="144" count="0" type="stmt"/>
            <line num="145" count="0" type="stmt"/>
            <line num="146" count="0" type="stmt"/>
            <line num="150" count="0" type="stmt"/>
            <line num="151" count="0" type="stmt"/>
            <line num="152" count="0" type="stmt"/>
            <line falsecount="0" truecount="0" num="152" type="cond"/>
            <line num="153" count="0" type="stmt"/>
            <line num="156" count="0" type="stmt"/>
            <line num="160" count="0" type="stmt"/>
            <line complexity="1" visibility="public" signature="promptGenerator() : String" num="167" count="0" type="method"/>
            <line num="168" count="0" type="stmt"/>
            <line num="169" count="0" type="stmt"/>
            <line num="179" count="0" type="stmt"/>
            <line num="181" count="0" type="stmt"/>
            <line num="182" count="0" type="stmt"/>
            <line num="187" count="0" type="stmt"/>
            <line num="190" count="0" type="stmt"/>
            <line num="193" count="0" type="stmt"/>
            <line complexity="1" visibility="public" signature="clearMessages() : void" num="197" count="0" type="method"/>
            <line num="198" count="0" type="stmt"/>
            <line complexity="1" visibility="public" signature="getGmap() : GameMap" num="201" count="0" type="method"/>
            <line num="202" count="0" type="stmt"/>
            <line complexity="1" visibility="public" signature="setGmap(GameMap,String) : void" num="205" count="0" type="method"/>
[...]
            <class name="BasicUnit">
               <metrics coveredelements="28" coveredconditionals="2" complexity="11" coveredmethods="7" methods="10" elements="35" statements="23" conditionals="2" coveredstatements="19"/>
            </class>
            <line complexity="1" visibility="public" signature="getBonus() : int" num="12" count="0" type="method"/>
            <line num="13" count="0" type="stmt"/>
            <line complexity="1" visibility="public" signature="getLevel() : int" num="16" count="34" type="method"/>
            <line num="17" count="34" type="stmt"/>
            <line complexity="1" visibility="public" signature="getType() : String" num="20" count="0" type="method"/>
            <line num="21" count="0" type="stmt"/>
            <line complexity="1" visibility="public" signature="getValue() : int" num="24" count="2" type="method"/>
            <line num="25" count="2" type="stmt"/>
            <line complexity="1" visibility="public" signature="BasicUnit()" num="28" count="195" type="method"/>
            <line num="29" count="195" type="stmt"/>
            <line num="30" count="195" type="stmt"/>
            <line num="31" count="195" type="stmt"/>
            <line num="32" count="195" type="stmt"/>
            <line complexity="1" visibility="public" signature="BasicUnit(int)" num="35" count="1" type="method"/>
            <line num="36" count="1" type="stmt"/>
            <line num="37" count="1" type="stmt"/>
            <line num="38" count="1" type="stmt"/>
            <line num="39" count="1" type="stmt"/>
            <line complexity="1" visibility="public" signature="getNumUnits() : int" num="42" count="7" type="method"/>
            <line num="43" count="7" type="stmt"/>
            <line complexity="1" visibility="public" signature="addUnit(int) : boolean" num="50" count="2" type="method"/>
            <line num="51" count="2" type="stmt"/>
            <line num="52" count="2" type="stmt"/>
            <line num="53" count="2" type="stmt"/>
            <line complexity="2" visibility="public" signature="removeUnit(int) : boolean" num="55" count="4" type="method"/>
            <line num="56" count="4" type="stmt"/>
            <line num="57" count="4" type="stmt"/>
            <line falsecount="2" truecount="2" num="57" type="cond"/>
            <line num="58" count="2" type="stmt"/>
            <line num="60" count="2" type="stmt"/>
            <line num="61" count="2" type="stmt"/>
            <line complexity="1" visibility="public" signature="setUnit(int) : boolean" num="64" count="0" type="method"/>
            <line num="65" count="0" type="stmt"/>
            <line num="66" count="0" type="stmt"/>
         </file>
         <file path="/home/zisheng/ece651-spr20-g3-risc/risc/shared/src/main/java/edu/duke/ece651/shared/Map5p.java" name="Map5p.java">
            <metrics coveredelements="28" coveredconditionals="0" complexity="1" loc="51" coveredmethods="1" methods="1" elements="28" classes="1" ncloc="33" statements="27" conditionals="0" coveredstatements="27"/>
            <class name="Map5p">
               <metrics coveredelements="28" coveredconditionals="0" complexity="1" coveredmethods="1" methods="1" elements="28" statements="27" conditionals="0" coveredstatements="27"/>
            </class>
            <line complexity="1" visibility="public" signature="handle(GameMap) : void" num="5" count="1" type="method"/>
            <line num="7" count="1" type="stmt"/>
            <line num="9" count="1" type="stmt"/>
            <line num="10" count="1" type="stmt"/>
            <line num="12" count="1" type="stmt"/>
            <line num="13" count="1" type="stmt"/>
            <line num="15" count="1" type="stmt"/>
            <line num="16" count="1" type="stmt"/>
            <line num="18" count="1" type="stmt"/>
            <line num="19" count="1" type="stmt"/>
            <line num="21" count="1" type="stmt"/>
            <line num="22" count="1" type="stmt"/>
            <line num="23" count="1" type="stmt"/>
            <line num="25" count="1" type="stmt"/>
            <line num="26" count="1" type="stmt"/>
            <line num="28" count="1" type="stmt"/>
            <line num="29" count="1" type="stmt"/>
            <line num="31" count="1" type="stmt"/>
            <line num="32" count="1" type="stmt"/>
            <line num="34" count="1" type="stmt"/>
            <line num="36" count="1" type="stmt"/>
            <line num="38" count="1" type="stmt"/>
            <line num="40" count="1" type="stmt"/>
            <line num="41" count="1" type="stmt"/>
            <line num="43" count="1" type="stmt"/>
            <line num="44" count="1" type="stmt"/>
            <line num="46" count="1" type="stmt"/>
            <line num="47" count="1" type="stmt"/>
         </file>
         <file path="/home/zisheng/ece651-spr20-g3-risc/risc/shared/src/test/java/edu/duke/ece651/shared/SpyTest.java" name="SpyTest.java">
            <metrics coveredelements="22" coveredconditionals="0" complexity="1" loc="35" coveredmethods="1" methods="1" elements="22" classes="1" ncloc="30" statements="21" conditionals="0" coveredstatements="21"/>
            <class name="SpyTest">
               <metrics coveredelements="22" coveredconditionals="0" complexity="1" coveredmethods="1" methods="1" elements="22" statements="21" conditionals="0" coveredstatements="21"/>
            </class>
            <line complexity="1" visibility="public" signature="test_y() : void" num="10" count="1" type="method"/>
            <line num="12" count="1" type="stmt"/>
            <line num="13" count="1" type="stmt"/>
            <line num="14" count="1" type="stmt"/>
            <line num="15" count="1" type="stmt"/>
            <line num="16" count="1" type="stmt"/>
            <line num="17" count="1" type="stmt"/>
            <line num="18" count="1" type="stmt"/>
            <line num="19" count="1" type="stmt"/>
            <line num="20" count="1" type="stmt"/>
            <line num="21" count="1" type="stmt"/>
            <line num="22" count="1" type="stmt"/>
            <line num="23" count="1" type="stmt"/>
            <line num="24" count="1" type="stmt"/>
            <line num="25" count="1" type="stmt"/>
            <line num="26" count="1" type="stmt"/>
            <line num="27" count="1" type="stmt"/>
            <line num="28" count="1" type="stmt"/>
            <line num="29" count="1" type="stmt"/>
            <line num="30" count="1" type="stmt"/>
            <line num="31" count="1" type="stmt"/>
            <line num="32" count="1" type="stmt"/>
         </file>
         <file path="/home/zisheng/ece651-spr20-g3-risc/risc/shared/src/test/java/edu/duke/ece651/shared/LibraryTest.java" name="LibraryTest.java">
            <metrics coveredelements="3" coveredconditionals="0" complexity="1" loc="14" coveredmethods="1" methods="1" elements="3" classes="1" ncloc="9" statements="2" conditionals="0" coveredstatements="2"/>
            <class name="LibraryTest">
               <metrics coveredelements="3" coveredconditionals="0" complexity="1" coveredmethods="1" methods="1" elements="3" statements="2" conditionals="0" coveredstatements="2"/>
            </class>
            <line complexity="1" visibility="package" signature="testSomeLibraryMethod() : void" num="10" count="1" type="method"/>
            <line num="11" count="1" type="stmt"/>
            <line num="12" count="1" type="stmt"/>
         </file>
         <file path="/home/zisheng/ece651-spr20-g3-risc/risc/shared/src/test/java/edu/duke/ece651/shared/GameMapTest.java" name="GameMapTest.java">
            <metrics coveredelements="173" coveredconditionals="0" complexity="7" loc="275" coveredmethods="7" methods="7" elements="173" classes="1" ncloc="201" statements="166" conditionals="0" coveredstatements="166"/>
            <class name="GameMapTest">
               <metrics coveredelements="173" coveredconditionals="0" complexity="7" coveredmethods="7" methods="7" elements="173" statements="166" conditionals="0" coveredstatements="166"/>
            </class>
            <line complexity="1" visibility="public" signature="testInitilization() : void" num="13" count="1" type="method"/>
            <line complexity="1" visibility="public" signature="testGameMap() : void" num="18" count="1" type="method"/>
            <line num="20" count="1" type="stmt"/>
            <line num="21" count="1" type="stmt"/>
            <line num="22" count="1" type="stmt"/>
            <line num="23" count="1" type="stmt"/>
            <line num="24" count="1" type="stmt"/>
            <line num="25" count="1" type="stmt"/>
            <line num="28" count="1" type="stmt"/>
            <line num="30" count="1" type="stmt"/>
            <line num="31" count="1" type="stmt"/>
            <line num="32" count="1" type="stmt"/>
            <line num="36" count="1" type="stmt"/>
            <line num="38" count="1" type="stmt"/>
            <line num="41" count="1" type="stmt"/>
            <line num="42" count="1" type="stmt"/>
            <line num="45" count="1" type="stmt"/>
            <line num="46" count="1" type="stmt"/>
            <line num="50" count="1" type="stmt"/>
            <line num="51" count="1" type="stmt"/>
            <line num="54" count="1" type="stmt"/>
            <line num="55" count="1" type="stmt"/>
            <line num="57" count="1" type="stmt"/>
            <line num="58" count="1" type="stmt"/>
            <line num="62" count="1" type="stmt"/>
            <line num="63" count="1" type="stmt"/>
            <line num="64" count="1" type="stmt"/>
            <line num="67" count="1" type="stmt"/>
            <line num="68" count="1" type="stmt"/>
            <line num="69" count="1" type="stmt"/>
            <line num="70" count="1" type="stmt"/>
            <line num="71" count="1" type="stmt"/>
            <line num="72" count="1" type="stmt"/>
            <line num="73" count="1" type="stmt"/>
            <line num="74" count="1" type="stmt"/>
            <line num="76" count="1" type="stmt"/>
            <line num="77" count="1" type="stmt"/>
            <line num="78" count="1" type="stmt"/>
            <line num="81" count="1" type="stmt"/>
            <line num="82" count="1" type="stmt"/>
            <line num="86" count="1" type="stmt"/>
            <line num="90" count="1" type="stmt"/>
            <line num="91" count="1" type="stmt"/>
            <line num="92" count="1" type="stmt"/>
            <line num="95" count="1" type="stmt"/>
            <line num="96" count="1" type="stmt"/>
            <line num="97" count="1" type="stmt"/>
            <line num="100" count="1" type="stmt"/>
            <line num="101" count="1" type="stmt"/>
            <line num="102" count="1" type="stmt"/>
            <line num="105" count="1" type="stmt"/>
            <line num="106" count="1" type="stmt"/>
            <line complexity="1" visibility="public" signature="testGraph() : void" num="111" count="1" type="method"/>
            <line num="113" count="1" type="stmt"/>
            <line num="115" count="1" type="stmt"/>
            <line num="117" count="1" type="stmt"/>
            <line num="118" count="1" type="stmt"/>
            <line num="119" count="1" type="stmt"/>
            <line num="120" count="1" type="stmt"/>
            <line num="121" count="1" type="stmt"/>
            <line num="122" count="1" type="stmt"/>
            <line num="125" count="1" type="stmt"/>
            <line num="126" count="1" type="stmt"/>
            <line num="128" count="1" type="stmt"/>
            <line num="129" count="1" type="stmt"/>
            <line num="130" count="1" type="stmt"/>
            <line num="132" count="1" type="stmt"/>
            <line num="133" count="1" type="stmt"/>
            <line num="135" count="1" type="stmt"/>
            <line num="136" count="1" type="stmt"/>
            <line num="137" count="1" type="stmt"/>
            <line num="140" count="1" type="stmt"/>
            <line num="141" count="1" type="stmt"/>
            <line num="142" count="1" type="stmt"/>
            <line num="143" count="1" type="stmt"/>
            <line num="144" count="1" type="stmt"/>
            <line num="146" count="1" type="stmt"/>
            <line num="147" count="1" type="stmt"/>
            <line num="149" count="1" type="stmt"/>
            <line num="150" count="1" type="stmt"/>
            <line num="151" count="1" type="stmt"/>
            <line num="152" count="1" type="stmt"/>
            <line num="153" count="1" type="stmt"/>
            <line complexity="1" visibility="public" signature="isConnected() : void" num="156" count="1" type="method"/>
            <line num="158" count="1" type="stmt"/>
            <line num="159" count="1" type="stmt"/>
            <line num="160" count="1" type="stmt"/>
            <line num="161" count="1" type="stmt"/>
            <line num="164" count="1" type="stmt"/>
            <line num="165" count="1" type="stmt"/>
            <line num="167" count="1" type="stmt"/>
            <line num="169" count="1" type="stmt"/>
            <line num="171" count="1" type="stmt"/>
            <line num="172" count="1" type="stmt"/>
            <line num="173" count="1" type="stmt"/>
            <line num="175" count="1" type="stmt"/>
            <line num="180" count="1" type="stmt"/>
            <line num="181" count="1" type="stmt"/>
            <line num="182" count="1" type="stmt"/>
            <line num="183" count="1" type="stmt"/>
            <line num="184" count="1" type="stmt"/>
            <line num="185" count="1" type="stmt"/>
            <line num="186" count="1" type="stmt"/>
            <line num="187" count="1" type="stmt"/>
            <line num="189" count="1" type="stmt"/>
            <line num="190" count="1" type="stmt"/>
            <line num="191" count="1" type="stmt"/>
            <line num="192" count="1" type="stmt"/>
            <line num="193" count="1" type="stmt"/>
            <line num="194" count="1" type="stmt"/>
            <line num="196" count="1" type="stmt"/>
            <line num="200" count="1" type="stmt"/>
            <line num="201" count="1" type="stmt"/>
            <line num="204" count="1" type="stmt"/>
            <line num="205" count="1" type="stmt"/>
            <line complexity="1" visibility="public" signature="upgrade_test() : void" num="209" count="1" type="method"/>
            <line num="211" count="1" type="stmt"/>
            <line num="212" count="1" type="stmt"/>
            <line num="213" count="1" type="stmt"/>
            <line num="214" count="1" type="stmt"/>
            <line num="215" count="1" type="stmt"/>
            <line num="216" count="1" type="stmt"/>
            <line num="217" count="1" type="stmt"/>
            <line num="218" count="1" type="stmt"/>
            <line num="219" count="1" type="stmt"/>
            <line num="220" count="1" type="stmt"/>
            <line num="221" count="1" type="stmt"/>
            <line num="222" count="1" type="stmt"/>
            <line num="223" count="1" type="stmt"/>
            <line num="224" count="1" type="stmt"/>
            <line num="225" count="1" type="stmt"/>
            <line num="226" count="1" type="stmt"/>
            <line complexity="1" visibility="public" signature="upgradeunit() : void" num="229" count="1" type="method"/>
            <line num="231" count="1" type="stmt"/>
            <line num="232" count="1" type="stmt"/>
            <line num="233" count="1" type="stmt"/>
            <line num="234" count="1" type="stmt"/>
            <line num="235" count="1" type="stmt"/>
            <line num="236" count="1" type="stmt"/>
            <line num="237" count="1" type="stmt"/>
            <line num="238" count="1" type="stmt"/>
            <line num="239" count="1" type="stmt"/>
            <line num="240" count="1" type="stmt"/>
            <line num="241" count="1" type="stmt"/>
            <line num="242" count="1" type="stmt"/>
            <line num="243" count="1" type="stmt"/>
            <line num="244" count="1" type="stmt"/>
            <line num="245" count="1" type="stmt"/>
            <line num="246" count="1" type="stmt"/>
            <line num="247" count="1" type="stmt"/>
            <line num="248" count="1" type="stmt"/>
            <line num="249" count="1" type="stmt"/>
            <line num="250" count="1" type="stmt"/>
            <line num="251" count="1" type="stmt"/>
            <line num="252" count="1" type="stmt"/>
            <line num="253" count="1" type="stmt"/>
            <line complexity="1" visibility="public" signature="spy_test() : void" num="255" count="1" type="method"/>
            <line num="257" count="1" type="stmt"/>
            <line num="258" count="1" type="stmt"/>
            <line num="259" count="1" type="stmt"/>
            <line num="260" count="1" type="stmt"/>
            <line num="261" count="1" type="stmt"/>
            <line num="262" count="1" type="stmt"/>
            <line num="263" count="1" type="stmt"/>
            <line num="264" count="1" type="stmt"/>
            <line num="265" count="1" type="stmt"/>
            <line num="266" count="1" type="stmt"/>
            <line num="267" count="1" type="stmt"/>
            <line num="268" count="1" type="stmt"/>
            <line num="269" count="1" type="stmt"/>
            <line num="270" count="1" type="stmt"/>
            <line num="271" count="1" type="stmt"/>
            <line num="272" count="1" type="stmt"/>
         </file>
         <file path="/home/zisheng/ece651-spr20-g3-risc/risc/shared/src/test/java/edu/duke/ece651/shared/PlayerResourcesTest.java" name="PlayerResourcesTest.java">
            <metrics coveredelements="27" coveredconditionals="0" complexity="1" loc="40" coveredmethods="1" methods="1" elements="27" classes="1" ncloc="35" statements="26" conditionals="0" coveredstatements="26"/>
            <class name="PlayerResourcesTest">
               <metrics coveredelements="27" coveredconditionals="0" complexity="1" coveredmethods="1" methods="1" elements="27" statements="26" conditionals="0" coveredstatements="26"/>
            </class>
            <line complexity="1" visibility="public" signature="test_() : void" num="10" count="1" type="method"/>
            <line num="12" count="1" type="stmt"/>
            <line num="13" count="1" type="stmt"/>
            <line num="14" count="1" type="stmt"/>
            <line num="15" count="1" type="stmt"/>
            <line num="16" count="1" type="stmt"/>
            <line num="17" count="1" type="stmt"/>
            <line num="18" count="1" type="stmt"/>
            <line num="19" count="1" type="stmt"/>
            <line num="20" count="1" type="stmt"/>
            <line num="21" count="1" type="stmt"/>
            <line num="22" count="1" type="stmt"/>
            <line num="23" count="1" type="stmt"/>
            <line num="24" count="1" type="stmt"/>
            <line num="25" count="1" type="stmt"/>
            <line num="26" count="1" type="stmt"/>
            <line num="27" count="1" type="stmt"/>
            <line num="28" count="1" type="stmt"/>
            <line num="29" count="1" type="stmt"/>
            <line num="30" count="1" type="stmt"/>
            <line num="31" count="1" type="stmt"/>
            <line num="32" count="1" type="stmt"/>
            <line num="33" count="1" type="stmt"/>
            <line num="34" count="1" type="stmt"/>
            <line num="35" count="1" type="stmt"/>
            <line num="36" count="1" type="stmt"/>
            <line num="37" count="1" type="stmt"/>
         </file>
      </package>
   </project>
   <testproject name="risc" timestamp="1588074271470">
      <metrics coveredelements="0" complexity="0" loc="0" methods="0" classes="0" statements="0" packages="0" coveredconditionals="0" coveredmethods="0" elements="0" ncloc="0" files="0" conditionals="0" coveredstatements="0"/>
   </testproject>
</coverage>